2024-03-22 15:48:55,088 - app - INFO - This is an INFO message
2024-03-22 15:48:55,089 - app - WARNING - This is a WARNING message
2024-03-22 15:48:55,089 - app - ERROR - This is an ERROR message
2024-03-22 15:55:44,333 - app - INFO - 시자악합니다
2024-03-22 15:55:44,334 - app - WARNING - Anonymous player is rolling the dice: 6
2024-03-22 15:55:47,502 - app - INFO - This is an INFO message
2024-03-22 15:55:47,502 - app - WARNING - This is a WARNING message
2024-03-22 15:55:47,503 - app - ERROR - This is an ERROR message
2024-03-22 15:55:49,751 - app - INFO - This is an INFO message
2024-03-22 15:55:49,752 - app - WARNING - This is a WARNING message
2024-03-22 15:55:49,752 - app - ERROR - This is an ERROR message
2024-03-22 15:55:49,969 - app - INFO - This is an INFO message
2024-03-22 15:55:49,969 - app - WARNING - This is a WARNING message
2024-03-22 15:55:49,969 - app - ERROR - This is an ERROR message
2024-03-22 15:56:11,915 - app - INFO - This is an INFO message
2024-03-22 15:56:11,915 - app - WARNING - This is a WARNING message
2024-03-22 15:56:11,915 - app - ERROR - This is an ERROR message
2024-03-22 15:56:12,402 - app - INFO - This is an INFO message
2024-03-22 15:56:12,403 - app - WARNING - This is a WARNING message
2024-03-22 15:56:12,403 - app - ERROR - This is an ERROR message
2024-03-22 15:56:12,827 - app - INFO - This is an INFO message
2024-03-22 15:56:12,827 - app - WARNING - This is a WARNING message
2024-03-22 15:56:12,827 - app - ERROR - This is an ERROR message
2024-03-22 16:07:52,982 - app - INFO - This is an INFO message
2024-03-22 16:07:52,984 - app - WARNING - This is a WARNING message
2024-03-22 16:07:52,984 - app - ERROR - This is an ERROR message
2024-03-22 16:07:53,156 - app - INFO - This is an INFO message
2024-03-22 16:07:53,158 - app - WARNING - This is a WARNING message
2024-03-22 16:07:53,158 - app - ERROR - This is an ERROR message
2024-03-22 16:09:33,967 - app - INFO - This is an INFO message
2024-03-22 16:09:33,968 - app - WARNING - This is a WARNING message
2024-03-22 16:09:33,968 - app - ERROR - This is an ERROR message
2024-03-22 16:10:41,887 - app - INFO - This is an INFO message
2024-03-22 16:10:41,887 - app - WARNING - This is a WARNING message
2024-03-22 16:10:41,887 - app - ERROR - This is an ERROR message
2024-03-22 16:10:42,085 - app - INFO - This is an INFO message
2024-03-22 16:10:42,086 - app - WARNING - This is a WARNING message
2024-03-22 16:10:42,086 - app - ERROR - This is an ERROR message
2024-03-22 16:10:42,273 - app - INFO - This is an INFO message
2024-03-22 16:10:42,273 - app - WARNING - This is a WARNING message
2024-03-22 16:10:42,273 - app - ERROR - This is an ERROR message
2024-03-22 16:11:08,756 - app - INFO - This is an INFO message
2024-03-22 16:11:08,757 - app - WARNING - This is a WARNING message
2024-03-22 16:11:08,757 - app - ERROR - This is an ERROR message
2024-03-22 16:11:08,943 - app - INFO - This is an INFO message
2024-03-22 16:11:08,944 - app - WARNING - This is a WARNING message
2024-03-22 16:11:08,944 - app - ERROR - This is an ERROR message
2024-03-22 16:11:09,106 - app - INFO - This is an INFO message
2024-03-22 16:11:09,106 - app - WARNING - This is a WARNING message
2024-03-22 16:11:09,106 - app - ERROR - This is an ERROR message
2024-03-22 16:11:09,273 - app - INFO - This is an INFO message
2024-03-22 16:11:09,273 - app - WARNING - This is a WARNING message
2024-03-22 16:11:09,273 - app - ERROR - This is an ERROR message
2024-03-22 16:11:09,440 - app - INFO - This is an INFO message
2024-03-22 16:11:09,440 - app - WARNING - This is a WARNING message
2024-03-22 16:11:09,440 - app - ERROR - This is an ERROR message
2024-03-22 16:11:13,518 - app - INFO - This is an INFO message
2024-03-22 16:11:13,518 - app - WARNING - This is a WARNING message
2024-03-22 16:11:13,518 - app - ERROR - This is an ERROR message
2024-03-22 16:11:13,682 - app - INFO - This is an INFO message
2024-03-22 16:11:13,682 - app - WARNING - This is a WARNING message
2024-03-22 16:11:13,683 - app - ERROR - This is an ERROR message
2024-03-22 16:11:13,848 - app - INFO - This is an INFO message
2024-03-22 16:11:13,848 - app - WARNING - This is a WARNING message
2024-03-22 16:11:13,848 - app - ERROR - This is an ERROR message
2024-03-22 16:11:14,263 - app - INFO - This is an INFO message
2024-03-22 16:11:14,264 - app - WARNING - This is a WARNING message
2024-03-22 16:11:14,264 - app - ERROR - This is an ERROR message
2024-03-22 16:11:14,373 - app - INFO - This is an INFO message
2024-03-22 16:11:14,373 - app - WARNING - This is a WARNING message
2024-03-22 16:11:14,373 - app - ERROR - This is an ERROR message
2024-03-22 16:11:14,425 - app - INFO - This is an INFO message
2024-03-22 16:11:14,425 - app - WARNING - This is a WARNING message
2024-03-22 16:11:14,425 - app - ERROR - This is an ERROR message
2024-03-22 16:11:14,619 - app - INFO - This is an INFO message
2024-03-22 16:11:14,619 - app - WARNING - This is a WARNING message
2024-03-22 16:11:14,619 - app - ERROR - This is an ERROR message
2024-03-22 16:11:14,673 - app - INFO - This is an INFO message
2024-03-22 16:11:14,673 - app - WARNING - This is a WARNING message
2024-03-22 16:11:14,673 - app - ERROR - This is an ERROR message
2024-03-22 16:11:14,781 - app - INFO - This is an INFO message
2024-03-22 16:11:14,781 - app - WARNING - This is a WARNING message
2024-03-22 16:11:14,781 - app - ERROR - This is an ERROR message
2024-03-22 16:11:14,889 - app - INFO - This is an INFO message
2024-03-22 16:11:14,889 - app - WARNING - This is a WARNING message
2024-03-22 16:11:14,889 - app - ERROR - This is an ERROR message
2024-03-22 16:11:45,982 - app - INFO - This is an INFO message
2024-03-22 16:11:45,983 - app - WARNING - This is a WARNING message
2024-03-22 16:11:45,983 - app - ERROR - This is an ERROR message
2024-03-22 16:11:46,181 - app - INFO - This is an INFO message
2024-03-22 16:11:46,182 - app - WARNING - This is a WARNING message
2024-03-22 16:11:46,182 - app - ERROR - This is an ERROR message
2024-03-22 16:11:46,364 - app - INFO - This is an INFO message
2024-03-22 16:11:46,364 - app - WARNING - This is a WARNING message
2024-03-22 16:11:46,364 - app - ERROR - This is an ERROR message
2024-03-26 07:59:38,343 - app - INFO - This is an INFO message
2024-03-26 07:59:38,344 - app - WARNING - This is a WARNING message
2024-03-26 07:59:38,344 - app - ERROR - This is an ERROR message
2024-03-26 08:05:26,749 - app - INFO - This is an INFO message
2024-03-26 08:05:26,750 - app - WARNING - This is a WARNING message
2024-03-26 08:05:26,750 - app - ERROR - This is an ERROR message
2024-03-26 08:05:27,630 - app - INFO - This is an INFO message
2024-03-26 08:05:27,631 - app - WARNING - This is a WARNING message
2024-03-26 08:05:27,632 - app - ERROR - This is an ERROR message
2024-03-26 08:05:27,986 - app - INFO - This is an INFO message
2024-03-26 08:05:27,986 - app - WARNING - This is a WARNING message
2024-03-26 08:05:27,986 - app - ERROR - This is an ERROR message
2024-03-26 08:06:14,631 - app - INFO - This is an INFO message
2024-03-26 08:06:14,632 - app - WARNING - This is a WARNING message
2024-03-26 08:06:14,632 - app - ERROR - This is an ERROR message
2024-03-26 08:06:15,046 - app - INFO - This is an INFO message
2024-03-26 08:06:15,046 - app - WARNING - This is a WARNING message
2024-03-26 08:06:15,046 - app - ERROR - This is an ERROR message
2024-03-26 08:14:42,889 - app - INFO - This is an INFO message
2024-03-26 08:14:42,890 - app - WARNING - This is a WARNING message
2024-03-26 08:14:42,891 - app - ERROR - This is an ERROR message
2024-03-26 08:14:43,205 - app - INFO - This is an INFO message
2024-03-26 08:14:43,205 - app - WARNING - This is a WARNING message
2024-03-26 08:14:43,208 - app - ERROR - This is an ERROR message
2024-03-26 08:14:43,444 - app - INFO - This is an INFO message
2024-03-26 08:14:43,459 - app - WARNING - This is a WARNING message
2024-03-26 08:14:43,459 - app - ERROR - This is an ERROR message
2024-03-26 08:14:43,613 - app - INFO - This is an INFO message
2024-03-26 08:14:43,628 - app - WARNING - This is a WARNING message
2024-03-26 08:14:43,629 - app - ERROR - This is an ERROR message
2024-03-26 08:20:50,135 - app - INFO - This is an INFO message
2024-03-26 08:20:50,135 - app - WARNING - This is a WARNING message
2024-03-26 08:20:50,135 - app - ERROR - This is an ERROR message
2024-04-02 09:20:51,362 - app - ERROR - Logging interval set to 7 seconds
2024-04-02 09:20:51,362 - app - INFO - --- PYTHON APPLICATION START ---
2024-04-02 09:20:51,362 - app - WARNING - Waiting for 7 second(s) before logging again...
2024-04-02 09:20:51,362 - app - DEBUG - This logging App for Log Service
2024-04-02 09:20:58,367 - app - INFO - ---- Time is TicTok ----
2024-04-02 09:20:58,367 - app - ERROR - Logging interval set to 44 seconds
2024-04-02 09:20:58,367 - app - WARNING - Waiting for 44 second(s) before logging again...
